<?xml version="1.0" encoding="UTF-8"?>
<robot generator="Robot 7.4.2 (Python 3.10.12 on linux)" generated="2026-03-13T17:51:29.578312" rpa="false" schemaversion="5">
<suite id="s1" name="Test" source="/home/citco/Desktop/robotframework_pring/Tests/test.robot">
<kw name="Suite Init" type="SETUP">
<kw name="Launch Browser" owner="App">
<kw name="Open Browser" owner="SeleniumLibrary">
<msg time="2026-03-13T17:51:29.938110" level="INFO">Opening browser 'chrome' to base url 'https://marmelab.com/react-admin-demo'.</msg>
<arg>${url}</arg>
<arg>chrome</arg>
<doc>Opens a new browser instance to the optional ``url``.</doc>
<status status="PASS" start="2026-03-13T17:51:29.937468" elapsed="3.672019"/>
</kw>
<kw name="Maximize Browser Window" owner="SeleniumLibrary">
<doc>Maximizes current browser window.</doc>
<status status="PASS" start="2026-03-13T17:51:33.610011" elapsed="0.014056"/>
</kw>
<kw name="Wait Until Element Is Visible" owner="SeleniumLibrary">
<arg>${login_txt_username}</arg>
<arg>10s</arg>
<doc>Waits until the element ``locator`` is visible.</doc>
<status status="PASS" start="2026-03-13T17:51:33.624404" elapsed="1.529945"/>
</kw>
<arg>${login_txt_username}</arg>
<arg>${google}</arg>
<status status="PASS" start="2026-03-13T17:51:29.936131" elapsed="5.218591"/>
</kw>
<kw name="Login" owner="App">
<kw name="Input Text" owner="SeleniumLibrary">
<msg time="2026-03-13T17:51:35.157112" level="INFO">Typing text 'demo' into text field '//input[@name="username"]'.</msg>
<arg>${login_txt_username}</arg>
<arg>${username}</arg>
<doc>Types the given ``text`` into the text field identified by ``locator``.</doc>
<status status="PASS" start="2026-03-13T17:51:35.156318" elapsed="0.117887"/>
</kw>
<kw name="Input Text" owner="SeleniumLibrary">
<msg time="2026-03-13T17:51:35.275137" level="INFO">Typing text 'demo' into text field '//input[@name="password"]'.</msg>
<arg>${login_txt_password}</arg>
<arg>${passwd}</arg>
<doc>Types the given ``text`` into the text field identified by ``locator``.</doc>
<status status="PASS" start="2026-03-13T17:51:35.274590" elapsed="0.105113"/>
</kw>
<kw name="Capture Page Screenshot" owner="SeleniumLibrary">
<msg time="2026-03-13T17:51:35.508581" level="INFO" html="true">&lt;/td&gt;&lt;/tr&gt;&lt;tr&gt;&lt;td colspan="3"&gt;&lt;a href="selenium-screenshot-9.png"&gt;&lt;img src="selenium-screenshot-9.png" width="800px"&gt;&lt;/a&gt;</msg>
<doc>Takes a screenshot of the current page and embeds it into a log file.</doc>
<status status="PASS" start="2026-03-13T17:51:35.380063" elapsed="0.128704"/>
</kw>
<kw name="Click Button" owner="SeleniumLibrary">
<msg time="2026-03-13T17:51:35.509496" level="INFO">Clicking button '//button[@type="submit"]'.</msg>
<arg>${login_btn_submit}</arg>
<doc>Clicks the button identified by ``locator``.</doc>
<status status="PASS" start="2026-03-13T17:51:35.509080" elapsed="0.120809"/>
</kw>
<kw name="Wait Until Element Is Visible" owner="SeleniumLibrary">
<arg>${main_content}</arg>
<doc>Waits until the element ``locator`` is visible.</doc>
<status status="PASS" start="2026-03-13T17:51:35.630220" elapsed="0.168620"/>
</kw>
<arg>demo</arg>
<arg>demo</arg>
<status status="PASS" start="2026-03-13T17:51:35.155402" elapsed="0.643645"/>
</kw>
<kw name="Get Users" owner="CommonLibrary">
<msg time="2026-03-13T17:51:36.066580" level="INFO">[
  {
    "id": 1,
    "username": "Bret",
    "email": "Sincere@april.biz",
    "address": {
      "street": "Kulas Light",
      "suite": "Apt. 556",
      "city": "Gwenborough",
      "zipcode": "92998-3874",
      "geo": {
        "lat": "-37.3159",
        "lng": "81.1496"
      },
      "stateAbbr": "KAG"
    },
    "phone": "1-770-736-8031 x56442",
    "website": "hildegard.org",
    "company": {
      "name": "Romaguera-Crona",
      "catchPhrase": "Multi-layered client-server neural-net",
      "bs": "harness real-time e-markets"
    },
    "first_name": "Leanne",
    "last_name": "Graham",
    "birthday": "01/23/2004",
    "password": "D9eY1vUf"
  },
  {
    "id": 2,
    "username": "Antonette",
    "email": "Shanna@melissa.tv",
    "address": {
      "street": "Victor Plains",
      "suite": "Suite 879",
      "city": "Wisokyburgh",
      "zipcode": "90566-7771",
      "geo": {
        "lat": "-43.9509",
        "lng": "-34.4618"
      },
      "stateAbbr": "VSW"
    },
    "phone": "010-692-6593 x09125",
    "website": "anastasia.net",
    "company": {
      "name": "Deckow-Crist",
      "catchPhrase": "Proactive didactic contingency",
      "bs": "synergize scalable supply-chains"
    },
    "first_name": "Ervin",
    "last_name": "Howell",
    "birthday": "01/01/2003",
    "password": "inbncUWe"
  },
  {
    "id": 3,
    "username": "Samantha",
    "email": "Nathan@yesenia.net",
    "address": {
      "street": "Douglas Extension",
      "suite": "Suite 847",
      "city": "McKenziehaven",
      "zipcode": "59590-4157",
      "geo": {
        "lat": "-68.6102",
        "lng": "-47.0653"
      },
      "stateAbbr": "DSM"
    },
    "phone": "1-463-123-4447",
    "website": "ramiro.info",
    "company": {
      "name": "Romaguera-Jacobson",
      "catchPhrase": "Face to face bifurcated interface",
      "bs": "e-enable strategic applications"
    },
    "first_name": "Clementine",
    "last_name": "Bauch",
    "birthday": "01/14/2005",
    "password": "LmzrWjy8"
  },
  {
    "id": 4,
    "username": "Karianne",
    "email": "Julianne.OConner@kory.org",
    "address": {
      "street": "Hoeger Mall",
      "suite": "Apt. 692",
      "city": "South Elvis",
      "zipcode": "53919-4257",
      "geo": {
        "lat": "29.4572",
        "lng": "-164.2990"
      },
      "stateAbbr": "HAS"
    },
    "phone": "493-170-9623 x156",
    "website": "kale.biz",
    "company": {
      "name": "Robel-Corkery",
      "catchPhrase": "Multi-tiered zero tolerance productivity",
      "bs": "transition cutting-edge web services"
    },
    "first_name": "Patricia",
    "last_name": "Lebsack",
    "birthday": "01/10/2000",
    "password": "@InE$qln"
  },
  {
    "id": 5,
    "username": "Kamren",
    "email": "Lucio_Hettinger@annie.ca",
    "address": {
      "street": "Skiles Walks",
      "suite": "Suite 351",
      "city": "Roscoeview",
      "zipcode": "33263",
      "geo": {
        "lat": "-31.8129",
        "lng": "62.5342"
      },
      "stateAbbr": "SSR"
    },
    "phone": "(254)954-1289",
    "website": "demarco.info",
    "company": {
      "name": "Keebler LLC",
      "catchPhrase": "User-centric fault-tolerant solution",
      "bs": "revolutionize end-to-end systems"
    },
    "first_name": "Chelsey",
    "last_name": "Dietrich",
    "birthday": "01/02/2002",
    "password": "Oqwc0kLd"
  },
  {
    "id": 6,
    "username": "Leopoldo_Corkery",
    "email": "Karley_Dach@jasper.info",
    "address": {
      "street": "Norberto Crossing",
      "suite": "Apt. 950",
      "city": "South Christy",
      "zipcode": "23505-1337",
      "geo": {
        "lat": "-71.4197",
        "lng": "71.7478"
      },
      "stateAbbr": "NAS"
    },
    "phone": "1-477-935-8478 x6430",
    "website": "ola.org",
    "company": {
      "name": "Considine-Lockman",
      "catchPhrase": "Synchronised bottom-line interface",
      "bs": "e-enable innovative applications"
    },
    "first_name": "Dennis",
    "last_name": "Schulist",
    "birthday": "02/07/2006",
    "password": "%cVo%CaG"
  },
  {
    "id": 7,
    "username": "Elwyn.Skiles",
    "email": "Telly.Hoeger@billy.biz",
    "address": {
      "street": "Rex Trail",
      "suite": "Suite 280",
      "city": "Howemouth",
      "zipcode": "58804-1099",
      "geo": {
        "lat": "24.8918",
        "lng": "21.8984"
      },
      "stateAbbr": "RSH"
    },
    "phone": "210.067.6132",
    "website": "elvis.io",
    "company": {
      "name": "Johns Group",
      "catchPhrase": "Configurable multimedia task-force",
      "bs": "generate enterprise e-tailers"
    },
    "first_name": "Kurtis",
    "last_name": "Weissnat",
    "birthday": "02/25/2004",
    "password": "#d5nbbom"
  },
  {
    "id": 8,
    "username": "Maxime_Nienow",
    "email": "Sherwood@rosamond.me",
    "address": {
      "street": "Ellsworth Summit",
      "suite": "Suite 729",
      "city": "Aliyaview",
      "zipcode": "45169",
      "geo": {
        "lat": "-14.3990",
        "lng": "-120.7677"
      },
      "stateAbbr": "ESA"
    },
    "phone": "586.493.6943 x140",
    "website": "jacynthe.com",
    "company": {
      "name": "Abernathy Group",
      "catchPhrase": "Implemented secondary concept",
      "bs": "e-enable extensible e-tailers"
    },
    "first_name": "Nicholas",
    "last_name": "Runolfsdottir",
    "birthday": "02/13/2001",
    "password": "qlmt1PFh"
  },
  {
    "id": 9,
    "username": "Delphine",
    "email": "Chaim_McDermott@dana.io",
    "address": {
      "street": "Dayna Park",
      "suite": "Suite 449",
      "city": "Bartholomebury",
      "zipcode": "76495-3109",
      "geo": {
        "lat": "24.6463",
        "lng": "-168.8889"
      },
      "stateAbbr": "DSB"
    },
    "phone": "(775)976-6794 x41206",
    "website": "conrad.com",
    "company": {
      "name": "Yost and Sons",
      "catchPhrase": "Switchable contextually-based project",
      "bs": "aggregate real-time technologies"
    },
    "first_name": "Glenna",
    "last_name": "Reichert",
    "birthday": "01/13/2005",
    "password": "mw98Q6A$"
  },
  {
    "id": 10,
    "username": "Moriah.Stanton",
    "email": "Rey.Padberg@karina.biz",
    "address": {
      "street": "Kattie Turnpike",
      "suite": "Suite 198",
      "city": "Lebsackbury",
      "zipcode": "31428-2261",
      "geo": {
        "lat": "-38.2386",
        "lng": "57.2232"
      },
      "stateAbbr": "KSL"
    },
    "phone": "024-648-3804",
    "website": "ambrose.net",
    "company": {
      "name": "Hoeger LLC",
      "catchPhrase": "Centralized empowering task-force",
      "bs": "target end-to-end models"
    },
    "first_name": "Clementina",
    "last_name": "DuBuque",
    "birthday": "02/19/2002",
    "password": "q00f8iI9"
  }
]</msg>
<msg time="2026-03-13T17:51:36.066819" level="INFO">/home/citco/Desktop/robotframework_pring/robotenv/lib/python3.10/site-packages/urllib3/connectionpool.py:1097: InsecureRequestWarning: Unverified HTTPS request is being made to host 'jsonplaceholder.typicode.com'. Adding certificate verification is strongly advised. See: https://urllib3.readthedocs.io/en/latest/advanced-usage.html#tls-warnings
  warnings.warn(</msg>
<msg time="2026-03-13T17:51:36.067216" level="INFO">${users} = [{'id': 1, 'username': 'Bret', 'email': 'Sincere@april.biz', 'address': {'street': 'Kulas Light', 'suite': 'Apt. 556', 'city': 'Gwenborough', 'zipcode': '92998-3874', 'geo': {'lat': '-37.3159', 'lng':...</msg>
<var>${users}</var>
<status status="PASS" start="2026-03-13T17:51:35.799358" elapsed="0.267955"/>
</kw>
<kw name="Set Suite Variable" owner="BuiltIn">
<msg time="2026-03-13T17:51:36.069164" level="INFO">${USERS} = [{'id': 1, 'username': 'Bret', 'email': 'Sincere@april.biz', 'address': {'street': 'Kulas Light', 'suite': 'Apt. 556', 'city': 'Gwenborough', 'zipcode': '92998-3874', 'geo': {'lat': '-37.3159', 'lng':...</msg>
<arg>${USERS}</arg>
<arg>${users}</arg>
<doc>Makes a variable available everywhere within the scope of the current suite.</doc>
<status status="PASS" start="2026-03-13T17:51:36.067814" elapsed="0.001491"/>
</kw>
<kw name="Sleep" owner="BuiltIn">
<msg time="2026-03-13T17:51:39.070462" level="INFO">Slept 3 seconds.</msg>
<arg>3s</arg>
<doc>Pauses the test executed for the given time.</doc>
<status status="PASS" start="2026-03-13T17:51:36.069656" elapsed="3.001133"/>
</kw>
<status status="PASS" start="2026-03-13T17:51:29.935224" elapsed="9.135997"/>
</kw>
<test id="s1-t1" name="Test-1" line="12">
<kw name="Add Multiple Customers" owner="Customers">
<for flavor="IN RANGE">
<iter>
<kw name="Add A Customer" owner="Customers">
<kw name="Navigate" owner="App">
<kw name="Set Variable" owner="BuiltIn">
<msg time="2026-03-13T17:51:39.077980" level="INFO">${sub_menu_loc} = //a[descendant::p[text()="Customers"]]</msg>
<var>${sub_menu_loc}</var>
<arg>//a[descendant::p[text()="${page}"]]</arg>
<doc>Returns the given values which can then be assigned to a variables.</doc>
<status status="PASS" start="2026-03-13T17:51:39.076786" elapsed="0.001323"/>
</kw>
<kw name="Run Keyword And Return Status" owner="BuiltIn">
<kw name="Element Should Be Visible" owner="SeleniumLibrary">
<msg time="2026-03-13T17:51:39.108076" level="INFO">Element '//a[descendant::p[text()="Customers"]]' is displayed.</msg>
<arg>${sub_menu_loc}</arg>
<doc>Verifies that the element identified by ``locator`` is visible.</doc>
<status status="PASS" start="2026-03-13T17:51:39.080232" elapsed="0.028107"/>
</kw>
<msg time="2026-03-13T17:51:39.108721" level="INFO">${status} = True</msg>
<var>${status}</var>
<arg>Element Should Be Visible</arg>
<arg>${sub_menu_loc}</arg>
<doc>Runs the specified keyword and returns the status as a Boolean value.</doc>
<status status="PASS" start="2026-03-13T17:51:39.078609" elapsed="0.030198"/>
</kw>
<if>
<branch type="IF" condition="not ${status}">
<kw name="Get Parent Menu" owner="App">
<var>${parent_menu}</var>
<arg>${page}</arg>
<status status="NOT RUN" start="2026-03-13T17:51:39.109946" elapsed="0.000104"/>
</kw>
<kw name="Click Element" owner="SeleniumLibrary">
<arg>${parent_menu}</arg>
<doc>Click the element identified by ``locator``.</doc>
<status status="NOT RUN" start="2026-03-13T17:51:39.110413" elapsed="0.000094"/>
</kw>
<kw name="Wait Until Element Is Visible" owner="SeleniumLibrary">
<arg>${sub_menu_loc}</arg>
<doc>Waits until the element ``locator`` is visible.</doc>
<status status="NOT RUN" start="2026-03-13T17:51:39.110838" elapsed="0.000085"/>
</kw>
<status status="NOT RUN" start="2026-03-13T17:51:39.109107" elapsed="0.001937"/>
</branch>
<status status="PASS" start="2026-03-13T17:51:39.109024" elapsed="0.002141"/>
</if>
<kw name="Sleep" owner="BuiltIn">
<msg time="2026-03-13T17:51:41.112580" level="INFO">Slept 2 seconds.</msg>
<arg>2s</arg>
<doc>Pauses the test executed for the given time.</doc>
<status status="PASS" start="2026-03-13T17:51:39.111447" elapsed="2.001644"/>
</kw>
<kw name="Click Element" owner="SeleniumLibrary">
<msg time="2026-03-13T17:51:41.114266" level="INFO">Clicking element '//a[descendant::p[text()="Customers"]]'.</msg>
<arg>${sub_menu_loc}</arg>
<doc>Click the element identified by ``locator``.</doc>
<status status="PASS" start="2026-03-13T17:51:41.113682" elapsed="0.111551"/>
</kw>
<kw name="Wait Until Element Is Visible" owner="SeleniumLibrary">
<arg>//h6[//span[text()="${page}"]]</arg>
<doc>Waits until the element ``locator`` is visible.</doc>
<status status="PASS" start="2026-03-13T17:51:41.225631" elapsed="0.248704"/>
</kw>
<kw name="Run Keyword If" owner="BuiltIn">
<kw name="Sleep" owner="BuiltIn">
<msg time="2026-03-13T17:51:43.476084" level="INFO">Slept 2 seconds.</msg>
<arg>2s</arg>
<doc>Pauses the test executed for the given time.</doc>
<status status="PASS" start="2026-03-13T17:51:41.475485" elapsed="2.000924"/>
</kw>
<arg>"${page}'=='Customers"</arg>
<arg>Sleep</arg>
<arg>2s</arg>
<doc>Runs the given keyword with the given arguments, if ``condition`` is true.</doc>
<status status="PASS" start="2026-03-13T17:51:41.474704" elapsed="2.001996"/>
</kw>
<arg>Customers</arg>
<status status="PASS" start="2026-03-13T17:51:39.076044" elapsed="4.400935"/>
</kw>
<kw name="Open Create Modal" owner="Customers">
<kw name="Click Element" owner="SeleniumLibrary">
<msg time="2026-03-13T17:51:43.479086" level="INFO">Clicking element '//a[text()="Create"]'.</msg>
<arg>//a[text()="Create"]</arg>
<doc>Click the element identified by ``locator``.</doc>
<status status="PASS" start="2026-03-13T17:51:43.478508" elapsed="0.097497"/>
</kw>
<kw name="Wait Until Element Is Visible" owner="SeleniumLibrary">
<arg>//h6[descendant::span[text()="Create Customer"]]</arg>
<doc>Waits until the element ``locator`` is visible.</doc>
<status status="PASS" start="2026-03-13T17:51:43.576456" elapsed="0.262700"/>
</kw>
<status status="PASS" start="2026-03-13T17:51:43.477579" elapsed="0.361785"/>
</kw>
<kw name="Input Text" owner="SeleniumLibrary">
<msg time="2026-03-13T17:51:43.840771" level="INFO">Typing text 'Leanne' into text field '//input[@name="first_name"]'.</msg>
<arg>${cust_txt_fname}</arg>
<arg>${user['first_name']}</arg>
<doc>Types the given ``text`` into the text field identified by ``locator``.</doc>
<status status="PASS" start="2026-03-13T17:51:43.839622" elapsed="0.128425"/>
</kw>
<kw name="Input Text" owner="SeleniumLibrary">
<msg time="2026-03-13T17:51:43.972193" level="INFO">Typing text 'Graham' into text field '//input[@name="last_name"]'.</msg>
<arg>${cust_txt_lname}</arg>
<arg>${user['last_name']}</arg>
<doc>Types the given ``text`` into the text field identified by ``locator``.</doc>
<status status="PASS" start="2026-03-13T17:51:43.970031" elapsed="0.124942"/>
</kw>
<kw name="Input Text" owner="SeleniumLibrary">
<msg time="2026-03-13T17:51:44.096428" level="INFO">Typing text 'Sincere@april.biz' into text field '//input[@name="email"]'.</msg>
<arg>${cust_txt_email}</arg>
<arg>${user['email']}</arg>
<doc>Types the given ``text`` into the text field identified by ``locator``.</doc>
<status status="PASS" start="2026-03-13T17:51:44.095336" elapsed="0.182927"/>
</kw>
<kw name="Input Text" owner="SeleniumLibrary">
<msg time="2026-03-13T17:51:44.285241" level="INFO">Typing text '01/23/2004' into text field '//input[@name="birthday"]'.</msg>
<arg>${cust_txt_bday}</arg>
<arg>${user['birthday']}</arg>
<doc>Types the given ``text`` into the text field identified by ``locator``.</doc>
<status status="PASS" start="2026-03-13T17:51:44.278679" elapsed="0.143102"/>
</kw>
<kw name="Input Text" owner="SeleniumLibrary">
<msg time="2026-03-13T17:51:44.423875" level="INFO">Typing text 'Kulas Light Apt. 556' into text field '//textarea[@name="address"]'.</msg>
<arg>${cust_txt_address}</arg>
<arg>${user['address']['street']} ${user['address']['suite']}</arg>
<doc>Types the given ``text`` into the text field identified by ``locator``.</doc>
<status status="PASS" start="2026-03-13T17:51:44.422206" elapsed="0.166718"/>
</kw>
<kw name="Input Text" owner="SeleniumLibrary">
<msg time="2026-03-13T17:51:44.590659" level="INFO">Typing text 'Gwenborough' into text field '//input[@name="city"]'.</msg>
<arg>${cust_txt_city}</arg>
<arg>${user['address']['city']}</arg>
<doc>Types the given ``text`` into the text field identified by ``locator``.</doc>
<status status="PASS" start="2026-03-13T17:51:44.589287" elapsed="0.139199"/>
</kw>
<kw name="Input Text" owner="SeleniumLibrary">
<msg time="2026-03-13T17:51:44.730307" level="INFO">Typing text 'KAG' into text field '//input[@name="stateAbbr"]'.</msg>
<arg>${cust_txt_stateAbbr}</arg>
<arg>${user['address']['stateAbbr']}</arg>
<doc>Types the given ``text`` into the text field identified by ``locator``.</doc>
<status status="PASS" start="2026-03-13T17:51:44.728911" elapsed="0.115642"/>
</kw>
<kw name="Input Text" owner="SeleniumLibrary">
<msg time="2026-03-13T17:51:44.845998" level="INFO">Typing text '92998-3874' into text field '//input[@name="zipcode"]'.</msg>
<arg>${cust_txt_zipcode}</arg>
<arg>${user['address']['zipcode']}</arg>
<doc>Types the given ``text`` into the text field identified by ``locator``.</doc>
<status status="PASS" start="2026-03-13T17:51:44.844927" elapsed="0.137598"/>
</kw>
<kw name="Input Text" owner="SeleniumLibrary">
<msg time="2026-03-13T17:51:44.984937" level="INFO">Typing text 'D9eY1vUf' into text field '//input[@name="password"]'.</msg>
<arg>${cust_txt_password}</arg>
<arg>${user['password']}</arg>
<doc>Types the given ``text`` into the text field identified by ``locator``.</doc>
<status status="PASS" start="2026-03-13T17:51:44.983010" elapsed="0.157219"/>
</kw>
<kw name="Input Text" owner="SeleniumLibrary">
<msg time="2026-03-13T17:51:45.143542" level="INFO">Typing text 'D9eY1vUf' into text field '//input[@name="confirm_password"]'.</msg>
<arg>${cust_txt_confirm_password}</arg>
<arg>${user['password']}</arg>
<doc>Types the given ``text`` into the text field identified by ``locator``.</doc>
<status status="PASS" start="2026-03-13T17:51:45.141322" elapsed="0.142204"/>
</kw>
<kw name="Click Button" owner="SeleniumLibrary">
<msg time="2026-03-13T17:51:45.284680" level="INFO">Clicking button '//button[@aria-label="Save"]'.</msg>
<arg>${cust_btn_save}</arg>
<doc>Clicks the button identified by ``locator``.</doc>
<status status="PASS" start="2026-03-13T17:51:45.284014" elapsed="0.139421"/>
</kw>
<kw name="Wait Until Element Is Visible" owner="SeleniumLibrary">
<arg>//div[text()="Customer created"]</arg>
<doc>Waits until the element ``locator`` is visible.</doc>
<status status="PASS" start="2026-03-13T17:51:45.423946" elapsed="0.455149"/>
</kw>
<kw name="Navigate" owner="App">
<kw name="Set Variable" owner="BuiltIn">
<msg time="2026-03-13T17:51:45.881616" level="INFO">${sub_menu_loc} = //a[descendant::p[text()="Customers"]]</msg>
<var>${sub_menu_loc}</var>
<arg>//a[descendant::p[text()="${page}"]]</arg>
<doc>Returns the given values which can then be assigned to a variables.</doc>
<status status="PASS" start="2026-03-13T17:51:45.880551" elapsed="0.001170"/>
</kw>
<kw name="Run Keyword And Return Status" owner="BuiltIn">
<kw name="Element Should Be Visible" owner="SeleniumLibrary">
<msg time="2026-03-13T17:51:45.897173" level="INFO">Element '//a[descendant::p[text()="Customers"]]' is displayed.</msg>
<arg>${sub_menu_loc}</arg>
<doc>Verifies that the element identified by ``locator`` is visible.</doc>
<status status="PASS" start="2026-03-13T17:51:45.883006" elapsed="0.014413"/>
</kw>
<msg time="2026-03-13T17:51:45.897946" level="INFO">${status} = True</msg>
<var>${status}</var>
<arg>Element Should Be Visible</arg>
<arg>${sub_menu_loc}</arg>
<doc>Runs the specified keyword and returns the status as a Boolean value.</doc>
<status status="PASS" start="2026-03-13T17:51:45.882138" elapsed="0.015906"/>
</kw>
<if>
<branch type="IF" condition="not ${status}">
<kw name="Get Parent Menu" owner="App">
<var>${parent_menu}</var>
<arg>${page}</arg>
<status status="NOT RUN" start="2026-03-13T17:51:45.899492" elapsed="0.000109"/>
</kw>
<kw name="Click Element" owner="SeleniumLibrary">
<arg>${parent_menu}</arg>
<doc>Click the element identified by ``locator``.</doc>
<status status="NOT RUN" start="2026-03-13T17:51:45.899929" elapsed="0.000061"/>
</kw>
<kw name="Wait Until Element Is Visible" owner="SeleniumLibrary">
<arg>${sub_menu_loc}</arg>
<doc>Waits until the element ``locator`` is visible.</doc>
<status status="NOT RUN" start="2026-03-13T17:51:45.900192" elapsed="0.000077"/>
</kw>
<status status="NOT RUN" start="2026-03-13T17:51:45.898534" elapsed="0.001812"/>
</branch>
<status status="PASS" start="2026-03-13T17:51:45.898286" elapsed="0.002133"/>
</if>
<kw name="Sleep" owner="BuiltIn">
<msg time="2026-03-13T17:51:47.901437" level="INFO">Slept 2 seconds.</msg>
<arg>2s</arg>
<doc>Pauses the test executed for the given time.</doc>
<status status="PASS" start="2026-03-13T17:51:45.900597" elapsed="2.001149"/>
</kw>
<kw name="Click Element" owner="SeleniumLibrary">
<msg time="2026-03-13T17:51:47.903029" level="INFO">Clicking element '//a[descendant::p[text()="Customers"]]'.</msg>
<msg time="2026-03-13T17:51:47.955907" level="WARN">Keyword 'Capture Page Screenshot' could not be run on failure: Message: invalid session id; For documentation on this error, please visit: https://www.selenium.dev/documentation/webdriver/troubleshooting/errors#invalidsessionidexception
Stacktrace:
#0 0x55fc020cfb6a &lt;unknown&gt;
#1 0x55fc01ae2720 &lt;unknown&gt;
#2 0x55fc01b28e60 &lt;unknown&gt;
#3 0x55fc01b5e286 &lt;unknown&gt;
#4 0x55fc01b58898 &lt;unknown&gt;
#5 0x55fc01b57cac &lt;unknown&gt;
#6 0x55fc01aa8055 &lt;unknown&gt;
#7 0x55fc020946b9 &lt;unknown&gt;
#8 0x55fc020975c1 &lt;unknown&gt;
#9 0x55fc02080e29 &lt;unknown&gt;
#10 0x55fc0209817e &lt;unknown&gt;
#11 0x55fc020674b0 &lt;unknown&gt;
#12 0x55fc01aa5804 &lt;unknown&gt;
#13 0x7fe5f9089d90 &lt;unknown&gt;
</msg>
<msg time="2026-03-13T17:51:47.956662" level="FAIL">InvalidSessionIdException: Message: invalid session id: session deleted as the browser has closed the connection
from disconnected: not connected to DevTools
  (Session info: chrome=145.0.7632.159); For documentation on this error, please visit: https://www.selenium.dev/documentation/webdriver/troubleshooting/errors#invalidsessionidexception
Stacktrace:
#0 0x55fc020cfb6a &lt;unknown&gt;
#1 0x55fc01ae2a32 &lt;unknown&gt;
#2 0x55fc01ac8693 &lt;unknown&gt;
#3 0x55fc01af1cc1 &lt;unknown&gt;
#4 0x55fc01b666a0 &lt;unknown&gt;
#5 0x55fc01b7fd68 &lt;unknown&gt;
#6 0x55fc01b29c0f &lt;unknown&gt;
#7 0x55fc01b2a9d1 &lt;unknown&gt;
#8 0x55fc020946b9 &lt;unknown&gt;
#9 0x55fc020975c1 &lt;unknown&gt;
#10 0x55fc02080e29 &lt;unknown&gt;
#11 0x55fc0209817e &lt;unknown&gt;
#12 0x55fc020674b0 &lt;unknown&gt;
#13 0x55fc020bc578 &lt;unknown&gt;
#14 0x55fc020bc74b &lt;unknown&gt;
#15 0x55fc020ce1a3 &lt;unknown&gt;
#16 0x7fe5f90f4ac3 &lt;unknown&gt;
</msg>
<arg>${sub_menu_loc}</arg>
<doc>Click the element identified by ``locator``.</doc>
<status status="FAIL" start="2026-03-13T17:51:47.902282" elapsed="0.056916">InvalidSessionIdException: Message: invalid session id: session deleted as the browser has closed the connection
from disconnected: not connected to DevTools
  (Session info: chrome=145.0.7632.159); For documentation on this error, please visit: https://www.selenium.dev/documentation/webdriver/troubleshooting/errors#invalidsessionidexception
Stacktrace:
#0 0x55fc020cfb6a &lt;unknown&gt;
#1 0x55fc01ae2a32 &lt;unknown&gt;
#2 0x55fc01ac8693 &lt;unknown&gt;
#3 0x55fc01af1cc1 &lt;unknown&gt;
#4 0x55fc01b666a0 &lt;unknown&gt;
#5 0x55fc01b7fd68 &lt;unknown&gt;
#6 0x55fc01b29c0f &lt;unknown&gt;
#7 0x55fc01b2a9d1 &lt;unknown&gt;
#8 0x55fc020946b9 &lt;unknown&gt;
#9 0x55fc020975c1 &lt;unknown&gt;
#10 0x55fc02080e29 &lt;unknown&gt;
#11 0x55fc0209817e &lt;unknown&gt;
#12 0x55fc020674b0 &lt;unknown&gt;
#13 0x55fc020bc578 &lt;unknown&gt;
#14 0x55fc020bc74b &lt;unknown&gt;
#15 0x55fc020ce1a3 &lt;unknown&gt;
#16 0x7fe5f90f4ac3 &lt;unknown&gt;
</status>
</kw>
<kw name="Wait Until Element Is Visible" owner="SeleniumLibrary">
<arg>//h6[//span[text()="${page}"]]</arg>
<doc>Waits until the element ``locator`` is visible.</doc>
<status status="NOT RUN" start="2026-03-13T17:51:47.959858" elapsed="0.000129"/>
</kw>
<kw name="Run Keyword If" owner="BuiltIn">
<arg>"${page}'=='Customers"</arg>
<arg>Sleep</arg>
<arg>2s</arg>
<doc>Runs the given keyword with the given arguments, if ``condition`` is true.</doc>
<status status="NOT RUN" start="2026-03-13T17:51:47.960400" elapsed="0.000104"/>
</kw>
<arg>Customers</arg>
<status status="FAIL" start="2026-03-13T17:51:45.879763" elapsed="2.081178">InvalidSessionIdException: Message: invalid session id: session deleted as the browser has closed the connection
from disconnected: not connected to DevTools
  (Session info: chrome=145.0.7632.159); For documentation on this error, please visit: https://www.selenium.dev/documentation/webdriver/troubleshooting/errors#invalidsessionidexception
Stacktrace:
#0 0x55fc020cfb6a &lt;unknown&gt;
#1 0x55fc01ae2a32 &lt;unknown&gt;
#2 0x55fc01ac8693 &lt;unknown&gt;
#3 0x55fc01af1cc1 &lt;unknown&gt;
#4 0x55fc01b666a0 &lt;unknown&gt;
#5 0x55fc01b7fd68 &lt;unknown&gt;
#6 0x55fc01b29c0f &lt;unknown&gt;
#7 0x55fc01b2a9d1 &lt;unknown&gt;
#8 0x55fc020946b9 &lt;unknown&gt;
#9 0x55fc020975c1 &lt;unknown&gt;
#10 0x55fc02080e29 &lt;unknown&gt;
#11 0x55fc0209817e &lt;unknown&gt;
#12 0x55fc020674b0 &lt;unknown&gt;
#13 0x55fc020bc578 &lt;unknown&gt;
#14 0x55fc020bc74b &lt;unknown&gt;
#15 0x55fc020ce1a3 &lt;unknown&gt;
#16 0x7fe5f90f4ac3 &lt;unknown&gt;
</status>
</kw>
<arg>${USERS}[${i}]</arg>
<status status="FAIL" start="2026-03-13T17:51:39.074788" elapsed="8.886543">InvalidSessionIdException: Message: invalid session id: session deleted as the browser has closed the connection
from disconnected: not connected to DevTools
  (Session info: chrome=145.0.7632.159); For documentation on this error, please visit: https://www.selenium.dev/documentation/webdriver/troubleshooting/errors#invalidsessionidexception
Stacktrace:
#0 0x55fc020cfb6a &lt;unknown&gt;
#1 0x55fc01ae2a32 &lt;unknown&gt;
#2 0x55fc01ac8693 &lt;unknown&gt;
#3 0x55fc01af1cc1 &lt;unknown&gt;
#4 0x55fc01b666a0 &lt;unknown&gt;
#5 0x55fc01b7fd68 &lt;unknown&gt;
#6 0x55fc01b29c0f &lt;unknown&gt;
#7 0x55fc01b2a9d1 &lt;unknown&gt;
#8 0x55fc020946b9 &lt;unknown&gt;
#9 0x55fc020975c1 &lt;unknown&gt;
#10 0x55fc02080e29 &lt;unknown&gt;
#11 0x55fc0209817e &lt;unknown&gt;
#12 0x55fc020674b0 &lt;unknown&gt;
#13 0x55fc020bc578 &lt;unknown&gt;
#14 0x55fc020bc74b &lt;unknown&gt;
#15 0x55fc020ce1a3 &lt;unknown&gt;
#16 0x7fe5f90f4ac3 &lt;unknown&gt;
</status>
</kw>
<kw name="Verify If Customer Is Added In The Table" owner="Customers">
<arg>${USERS[${i}]}</arg>
<status status="NOT RUN" start="2026-03-13T17:51:47.962203" elapsed="0.000170"/>
</kw>
<kw name="Verify Customer Identity Details" owner="Customers">
<arg>${USERS}[${i}]</arg>
<status status="NOT RUN" start="2026-03-13T17:51:47.963308" elapsed="0.000163"/>
</kw>
<kw name="Sleep" owner="BuiltIn">
<arg>3s</arg>
<doc>Pauses the test executed for the given time.</doc>
<status status="NOT RUN" start="2026-03-13T17:51:47.963948" elapsed="0.000138"/>
</kw>
<var name="${i}">0</var>
<status status="FAIL" start="2026-03-13T17:51:39.074200" elapsed="8.890146">InvalidSessionIdException: Message: invalid session id: session deleted as the browser has closed the connection
from disconnected: not connected to DevTools
  (Session info: chrome=145.0.7632.159); For documentation on this error, please visit: https://www.selenium.dev/documentation/webdriver/troubleshooting/errors#invalidsessionidexception
Stacktrace:
#0 0x55fc020cfb6a &lt;unknown&gt;
#1 0x55fc01ae2a32 &lt;unknown&gt;
#2 0x55fc01ac8693 &lt;unknown&gt;
#3 0x55fc01af1cc1 &lt;unknown&gt;
#4 0x55fc01b666a0 &lt;unknown&gt;
#5 0x55fc01b7fd68 &lt;unknown&gt;
#6 0x55fc01b29c0f &lt;unknown&gt;
#7 0x55fc01b2a9d1 &lt;unknown&gt;
#8 0x55fc020946b9 &lt;unknown&gt;
#9 0x55fc020975c1 &lt;unknown&gt;
#10 0x55fc02080e29 &lt;unknown&gt;
#11 0x55fc0209817e &lt;unknown&gt;
#12 0x55fc020674b0 &lt;unknown&gt;
#13 0x55fc020bc578 &lt;unknown&gt;
#14 0x55fc020bc74b &lt;unknown&gt;
#15 0x55fc020ce1a3 &lt;unknown&gt;
#16 0x7fe5f90f4ac3 &lt;unknown&gt;
</status>
</iter>
<var>${i}</var>
<value>0</value>
<value>${num}</value>
<status status="FAIL" start="2026-03-13T17:51:39.073590" elapsed="8.891065">InvalidSessionIdException: Message: invalid session id: session deleted as the browser has closed the connection
from disconnected: not connected to DevTools
  (Session info: chrome=145.0.7632.159); For documentation on this error, please visit: https://www.selenium.dev/documentation/webdriver/troubleshooting/errors#invalidsessionidexception
Stacktrace:
#0 0x55fc020cfb6a &lt;unknown&gt;
#1 0x55fc01ae2a32 &lt;unknown&gt;
#2 0x55fc01ac8693 &lt;unknown&gt;
#3 0x55fc01af1cc1 &lt;unknown&gt;
#4 0x55fc01b666a0 &lt;unknown&gt;
#5 0x55fc01b7fd68 &lt;unknown&gt;
#6 0x55fc01b29c0f &lt;unknown&gt;
#7 0x55fc01b2a9d1 &lt;unknown&gt;
#8 0x55fc020946b9 &lt;unknown&gt;
#9 0x55fc020975c1 &lt;unknown&gt;
#10 0x55fc02080e29 &lt;unknown&gt;
#11 0x55fc0209817e &lt;unknown&gt;
#12 0x55fc020674b0 &lt;unknown&gt;
#13 0x55fc020bc578 &lt;unknown&gt;
#14 0x55fc020bc74b &lt;unknown&gt;
#15 0x55fc020ce1a3 &lt;unknown&gt;
#16 0x7fe5f90f4ac3 &lt;unknown&gt;
</status>
</for>
<kw name="Navigate" owner="App">
<arg>Customers</arg>
<status status="NOT RUN" start="2026-03-13T17:51:47.965597" elapsed="0.000166"/>
</kw>
<arg>5</arg>
<status status="FAIL" start="2026-03-13T17:51:39.072852" elapsed="8.893313">InvalidSessionIdException: Message: invalid session id: session deleted as the browser has closed the connection
from disconnected: not connected to DevTools
  (Session info: chrome=145.0.7632.159); For documentation on this error, please visit: https://www.selenium.dev/documentation/webdriver/troubleshooting/errors#invalidsessionidexception
Stacktrace:
#0 0x55fc020cfb6a &lt;unknown&gt;
#1 0x55fc01ae2a32 &lt;unknown&gt;
#2 0x55fc01ac8693 &lt;unknown&gt;
#3 0x55fc01af1cc1 &lt;unknown&gt;
#4 0x55fc01b666a0 &lt;unknown&gt;
#5 0x55fc01b7fd68 &lt;unknown&gt;
#6 0x55fc01b29c0f &lt;unknown&gt;
#7 0x55fc01b2a9d1 &lt;unknown&gt;
#8 0x55fc020946b9 &lt;unknown&gt;
#9 0x55fc020975c1 &lt;unknown&gt;
#10 0x55fc02080e29 &lt;unknown&gt;
#11 0x55fc0209817e &lt;unknown&gt;
#12 0x55fc020674b0 &lt;unknown&gt;
#13 0x55fc020bc578 &lt;unknown&gt;
#14 0x55fc020bc74b &lt;unknown&gt;
#15 0x55fc020ce1a3 &lt;unknown&gt;
#16 0x7fe5f90f4ac3 &lt;unknown&gt;
</status>
</kw>
<doc>add 5 users</doc>
<status status="FAIL" start="2026-03-13T17:51:39.071449" elapsed="8.895442">InvalidSessionIdException: Message: invalid session id: session deleted as the browser has closed the connection
from disconnected: not connected to DevTools
  (Session info: chrome=145.0.7632.159); For documentation on this error, please visit: https://www.selenium.dev/documentation/webdriver/troubleshooting/errors#invalidsessionidexception
Stacktrace:
#0 0x55fc020cfb6a &lt;unknown&gt;
#1 0x55fc01ae2a32 &lt;unknown&gt;
#2 0x55fc01ac8693 &lt;unknown&gt;
#3 0x55fc01af1cc1 &lt;unknown&gt;
#4 0x55fc01b666a0 &lt;unknown&gt;
#5 0x55fc01b7fd68 &lt;unknown&gt;
#6 0x55fc01b29c0f &lt;unknown&gt;
#7 0x55fc01b2a9d1 &lt;unknown&gt;
#8 0x55fc020946b9 &lt;unknown&gt;
#9 0x55fc020975c1 &lt;unknown&gt;
#10 0x55fc02080e29 &lt;unknown&gt;
#11 0x55fc0209817e &lt;unknown&gt;
#12 0x55fc020674b0 &lt;unknown&gt;
#13 0x55fc020bc578 &lt;unknown&gt;
#14 0x55fc020bc74b &lt;unknown&gt;
#15 0x55fc020ce1a3 &lt;unknown&gt;
#16 0x7fe5f90f4ac3 &lt;unknown&gt;
</status>
</test>
<test id="s1-t2" name="Test-2" line="16">
<kw name="Update Multiple Customers" owner="Customers">
<for flavor="IN RANGE">
<iter>
<kw name="Update A Customer" owner="Customers">
<kw name="Navigate" owner="App">
<kw name="Set Variable" owner="BuiltIn">
<msg time="2026-03-13T17:51:47.981067" level="INFO">${sub_menu_loc} = //a[descendant::p[text()="Customers"]]</msg>
<var>${sub_menu_loc}</var>
<arg>//a[descendant::p[text()="${page}"]]</arg>
<doc>Returns the given values which can then be assigned to a variables.</doc>
<status status="PASS" start="2026-03-13T17:51:47.980476" elapsed="0.000643"/>
</kw>
<kw name="Run Keyword And Return Status" owner="BuiltIn">
<kw name="Element Should Be Visible" owner="SeleniumLibrary">
<msg time="2026-03-13T17:51:47.989519" level="WARN">Keyword 'Capture Page Screenshot' could not be run on failure: Message: invalid session id; For documentation on this error, please visit: https://www.selenium.dev/documentation/webdriver/troubleshooting/errors#invalidsessionidexception
Stacktrace:
#0 0x55fc020cfb6a &lt;unknown&gt;
#1 0x55fc01ae2720 &lt;unknown&gt;
#2 0x55fc01b28e60 &lt;unknown&gt;
#3 0x55fc01b5e286 &lt;unknown&gt;
#4 0x55fc01b58898 &lt;unknown&gt;
#5 0x55fc01b57cac &lt;unknown&gt;
#6 0x55fc01aa8055 &lt;unknown&gt;
#7 0x55fc020946b9 &lt;unknown&gt;
#8 0x55fc020975c1 &lt;unknown&gt;
#9 0x55fc02080e29 &lt;unknown&gt;
#10 0x55fc0209817e &lt;unknown&gt;
#11 0x55fc020674b0 &lt;unknown&gt;
#12 0x55fc01aa5804 &lt;unknown&gt;
#13 0x7fe5f9089d90 &lt;unknown&gt;
</msg>
<msg time="2026-03-13T17:51:47.989903" level="FAIL">InvalidSessionIdException: Message: invalid session id; For documentation on this error, please visit: https://www.selenium.dev/documentation/webdriver/troubleshooting/errors#invalidsessionidexception
Stacktrace:
#0 0x55fc020cfb6a &lt;unknown&gt;
#1 0x55fc01ae2720 &lt;unknown&gt;
#2 0x55fc01b28e60 &lt;unknown&gt;
#3 0x55fc01b5e286 &lt;unknown&gt;
#4 0x55fc01b58898 &lt;unknown&gt;
#5 0x55fc01b57cac &lt;unknown&gt;
#6 0x55fc01aa8055 &lt;unknown&gt;
#7 0x55fc020946b9 &lt;unknown&gt;
#8 0x55fc020975c1 &lt;unknown&gt;
#9 0x55fc02080e29 &lt;unknown&gt;
#10 0x55fc0209817e &lt;unknown&gt;
#11 0x55fc020674b0 &lt;unknown&gt;
#12 0x55fc01aa5804 &lt;unknown&gt;
#13 0x7fe5f9089d90 &lt;unknown&gt;
</msg>
<arg>${sub_menu_loc}</arg>
<doc>Verifies that the element identified by ``locator`` is visible.</doc>
<status status="FAIL" start="2026-03-13T17:51:47.982262" elapsed="0.008022">InvalidSessionIdException: Message: invalid session id; For documentation on this error, please visit: https://www.selenium.dev/documentation/webdriver/troubleshooting/errors#invalidsessionidexception
Stacktrace:
#0 0x55fc020cfb6a &lt;unknown&gt;
#1 0x55fc01ae2720 &lt;unknown&gt;
#2 0x55fc01b28e60 &lt;unknown&gt;
#3 0x55fc01b5e286 &lt;unknown&gt;
#4 0x55fc01b58898 &lt;unknown&gt;
#5 0x55fc01b57cac &lt;unknown&gt;
#6 0x55fc01aa8055 &lt;unknown&gt;
#7 0x55fc020946b9 &lt;unknown&gt;
#8 0x55fc020975c1 &lt;unknown&gt;
#9 0x55fc02080e29 &lt;unknown&gt;
#10 0x55fc0209817e &lt;unknown&gt;
#11 0x55fc020674b0 &lt;unknown&gt;
#12 0x55fc01aa5804 &lt;unknown&gt;
#13 0x7fe5f9089d90 &lt;unknown&gt;
</status>
</kw>
<msg time="2026-03-13T17:51:47.990552" level="INFO">${status} = False</msg>
<var>${status}</var>
<arg>Element Should Be Visible</arg>
<arg>${sub_menu_loc}</arg>
<doc>Runs the specified keyword and returns the status as a Boolean value.</doc>
<status status="PASS" start="2026-03-13T17:51:47.981353" elapsed="0.009245"/>
</kw>
<if>
<branch type="IF" condition="not ${status}">
<kw name="Get Parent Menu" owner="App">
<for flavor="IN">
<iter>
<kw name="Return From Keyword If" owner="BuiltIn">
<arg>"${page}" in ${MENU["${key}"]}</arg>
<arg>//li[descendant::p[text()="${key}"]]</arg>
<doc>Returns from the enclosing user keyword if ``condition`` is true.</doc>
<status status="PASS" start="2026-03-13T17:51:47.992841" elapsed="0.001259"/>
</kw>
<var name="${key}">Sales</var>
<status status="PASS" start="2026-03-13T17:51:47.992562" elapsed="0.001663"/>
</iter>
<iter>
<kw name="Return From Keyword If" owner="BuiltIn">
<arg>"${page}" in ${MENU["${key}"]}</arg>
<arg>//li[descendant::p[text()="${key}"]]</arg>
<doc>Returns from the enclosing user keyword if ``condition`` is true.</doc>
<status status="PASS" start="2026-03-13T17:51:47.994584" elapsed="0.001150"/>
</kw>
<var name="${key}">Catalog</var>
<status status="PASS" start="2026-03-13T17:51:47.994393" elapsed="0.001533"/>
</iter>
<iter>
<kw name="Return From Keyword If" owner="BuiltIn">
<msg time="2026-03-13T17:51:48.000298" level="INFO">Returning from the enclosing user keyword.</msg>
<arg>"${page}" in ${MENU["${key}"]}</arg>
<arg>//li[descendant::p[text()="${key}"]]</arg>
<doc>Returns from the enclosing user keyword if ``condition`` is true.</doc>
<status status="PASS" start="2026-03-13T17:51:47.998597" elapsed="0.001897"/>
</kw>
<var name="${key}">Customers</var>
<status status="PASS" start="2026-03-13T17:51:47.997220" elapsed="0.003439"/>
</iter>
<var>${key}</var>
<value>@{MENU.keys()}</value>
<status status="PASS" start="2026-03-13T17:51:47.991648" elapsed="0.009126"/>
</for>
<return>
<value>${None}</value>
<status status="NOT RUN" start="2026-03-13T17:51:48.000883" elapsed="0.000060"/>
</return>
<msg time="2026-03-13T17:51:48.001249" level="INFO">${parent_menu} = //li[descendant::p[text()="Customers"]]</msg>
<var>${parent_menu}</var>
<arg>${page}</arg>
<status status="PASS" start="2026-03-13T17:51:47.991199" elapsed="0.010098"/>
</kw>
<kw name="Click Element" owner="SeleniumLibrary">
<msg time="2026-03-13T17:51:48.001921" level="INFO">Clicking element '//li[descendant::p[text()="Customers"]]'.</msg>
<msg time="2026-03-13T17:51:48.006992" level="WARN">Retrying (Retry(total=2, connect=None, read=None, redirect=None, status=None)) after connection broken by 'ConnectionResetError(104, 'Connection reset by peer')': /session/61ce7843b65bcc52cd4f8fb74de4fb3d/screenshot</msg>
<msg time="2026-03-13T17:51:48.008317" level="WARN">Retrying (Retry(total=1, connect=None, read=None, redirect=None, status=None)) after connection broken by 'NewConnectionError("HTTPConnection(host='localhost', port=41989): Failed to establish a new connection: [Errno 111] Connection refused")': /session/61ce7843b65bcc52cd4f8fb74de4fb3d/screenshot</msg>
<msg time="2026-03-13T17:51:48.009471" level="WARN">Retrying (Retry(total=0, connect=None, read=None, redirect=None, status=None)) after connection broken by 'NewConnectionError("HTTPConnection(host='localhost', port=41989): Failed to establish a new connection: [Errno 111] Connection refused")': /session/61ce7843b65bcc52cd4f8fb74de4fb3d/screenshot</msg>
<msg time="2026-03-13T17:51:48.010593" level="WARN">Keyword 'Capture Page Screenshot' could not be run on failure: HTTPConnectionPool(host='localhost', port=41989): Max retries exceeded with url: /session/61ce7843b65bcc52cd4f8fb74de4fb3d/screenshot (Caused by NewConnectionError("HTTPConnection(host='localhost', port=41989): Failed to establish a new connection: [Errno 111] Connection refused"))</msg>
<arg>${parent_menu}</arg>
<doc>Click the element identified by ``locator``.</doc>
<status status="FAIL" start="2026-03-13T17:51:48.001552" elapsed="0.009443">Execution terminated by signal</status>
</kw>
<kw name="Wait Until Element Is Visible" owner="SeleniumLibrary">
<arg>${sub_menu_loc}</arg>
<doc>Waits until the element ``locator`` is visible.</doc>
<status status="NOT RUN" start="2026-03-13T17:51:48.011512" elapsed="0.000109"/>
</kw>
<status status="FAIL" start="2026-03-13T17:51:47.990754" elapsed="0.021067">Execution terminated by signal</status>
</branch>
<status status="FAIL" start="2026-03-13T17:51:47.990709" elapsed="0.021249">Execution terminated by signal</status>
</if>
<kw name="Sleep" owner="BuiltIn">
<arg>2s</arg>
<doc>Pauses the test executed for the given time.</doc>
<status status="NOT RUN" start="2026-03-13T17:51:48.012294" elapsed="0.000114"/>
</kw>
<kw name="Click Element" owner="SeleniumLibrary">
<arg>${sub_menu_loc}</arg>
<doc>Click the element identified by ``locator``.</doc>
<status status="NOT RUN" start="2026-03-13T17:51:48.012772" elapsed="0.000091"/>
</kw>
<kw name="Wait Until Element Is Visible" owner="SeleniumLibrary">
<arg>//h6[//span[text()="${page}"]]</arg>
<doc>Waits until the element ``locator`` is visible.</doc>
<status status="NOT RUN" start="2026-03-13T17:51:48.013178" elapsed="0.000104"/>
</kw>
<kw name="Run Keyword If" owner="BuiltIn">
<arg>"${page}'=='Customers"</arg>
<arg>Sleep</arg>
<arg>2s</arg>
<doc>Runs the given keyword with the given arguments, if ``condition`` is true.</doc>
<status status="NOT RUN" start="2026-03-13T17:51:48.013646" elapsed="0.000102"/>
</kw>
<arg>Customers</arg>
<status status="FAIL" start="2026-03-13T17:51:47.979815" elapsed="0.034288">Execution terminated by signal</status>
</kw>
<kw name="Click Element" owner="SeleniumLibrary">
<arg>(//tbody//tr)[${index+1}]</arg>
<doc>Click the element identified by ``locator``.</doc>
<status status="NOT RUN" start="2026-03-13T17:51:48.014652" elapsed="0.000139"/>
</kw>
<kw name="Wait Until Element Is Visible" owner="SeleniumLibrary">
<arg>${cust_txt_fname}</arg>
<doc>Waits until the element ``locator`` is visible.</doc>
<status status="NOT RUN" start="2026-03-13T17:51:48.015169" elapsed="0.000097"/>
</kw>
<kw name="Press Keys" owner="SeleniumLibrary">
<arg>${cust_txt_fname}</arg>
<arg>CTRL+a</arg>
<arg>BACKSPACE</arg>
<doc>Simulates the user pressing key(s) to an element or on the active browser.</doc>
<status status="NOT RUN" start="2026-03-13T17:51:48.016447" elapsed="0.000172"/>
</kw>
<kw name="Input Text" owner="SeleniumLibrary">
<arg>${cust_txt_fname}</arg>
<arg>${user['first_name']}</arg>
<doc>Types the given ``text`` into the text field identified by ``locator``.</doc>
<status status="NOT RUN" start="2026-03-13T17:51:48.017082" elapsed="0.000134"/>
</kw>
<kw name="Press Keys" owner="SeleniumLibrary">
<arg>${cust_txt_lname}</arg>
<arg>CTRL+a</arg>
<arg>BACKSPACE</arg>
<doc>Simulates the user pressing key(s) to an element or on the active browser.</doc>
<status status="NOT RUN" start="2026-03-13T17:51:48.020822" elapsed="0.000144"/>
</kw>
<kw name="Input Text" owner="SeleniumLibrary">
<arg>${cust_txt_lname}</arg>
<arg>${user['last_name']}</arg>
<doc>Types the given ``text`` into the text field identified by ``locator``.</doc>
<status status="NOT RUN" start="2026-03-13T17:51:48.021382" elapsed="0.000107"/>
</kw>
<kw name="Press Keys" owner="SeleniumLibrary">
<arg>${cust_txt_email}</arg>
<arg>CTRL+a</arg>
<arg>BACKSPACE</arg>
<doc>Simulates the user pressing key(s) to an element or on the active browser.</doc>
<status status="NOT RUN" start="2026-03-13T17:51:48.021860" elapsed="0.000103"/>
</kw>
<kw name="Input Text" owner="SeleniumLibrary">
<arg>${cust_txt_email}</arg>
<arg>${user['email']}</arg>
<doc>Types the given ``text`` into the text field identified by ``locator``.</doc>
<status status="NOT RUN" start="2026-03-13T17:51:48.023460" elapsed="0.000167"/>
</kw>
<kw name="Input Text" owner="SeleniumLibrary">
<arg>${cust_txt_bday}</arg>
<arg>${user['birthday']}</arg>
<doc>Types the given ``text`` into the text field identified by ``locator``.</doc>
<status status="NOT RUN" start="2026-03-13T17:51:48.024051" elapsed="0.000116"/>
</kw>
<kw name="Input Text" owner="SeleniumLibrary">
<arg>${cust_txt_address}</arg>
<arg>${user['address']['street']} ${user['address']['suite']}</arg>
<doc>Types the given ``text`` into the text field identified by ``locator``.</doc>
<status status="NOT RUN" start="2026-03-13T17:51:48.024516" elapsed="0.000082"/>
</kw>
<kw name="Input Text" owner="SeleniumLibrary">
<arg>${cust_txt_city}</arg>
<arg>${user['address']['city']}</arg>
<doc>Types the given ``text`` into the text field identified by ``locator``.</doc>
<status status="NOT RUN" start="2026-03-13T17:51:48.024906" elapsed="0.000080"/>
</kw>
<kw name="Input Text" owner="SeleniumLibrary">
<arg>${cust_txt_stateAbbr}</arg>
<arg>${user['address']['stateAbbr']}</arg>
<doc>Types the given ``text`` into the text field identified by ``locator``.</doc>
<status status="NOT RUN" start="2026-03-13T17:51:48.025293" elapsed="0.000077"/>
</kw>
<kw name="Input Text" owner="SeleniumLibrary">
<arg>${cust_txt_zipcode}</arg>
<arg>${user['address']['zipcode']}</arg>
<doc>Types the given ``text`` into the text field identified by ``locator``.</doc>
<status status="NOT RUN" start="2026-03-13T17:51:48.025661" elapsed="0.000077"/>
</kw>
<kw name="Input Text" owner="SeleniumLibrary">
<arg>${cust_txt_password}</arg>
<arg>${user['password']}</arg>
<doc>Types the given ``text`` into the text field identified by ``locator``.</doc>
<status status="NOT RUN" start="2026-03-13T17:51:48.026036" elapsed="0.000080"/>
</kw>
<kw name="Input Text" owner="SeleniumLibrary">
<arg>${cust_txt_confirm_password}</arg>
<arg>${user['password']}</arg>
<doc>Types the given ``text`` into the text field identified by ``locator``.</doc>
<status status="NOT RUN" start="2026-03-13T17:51:48.026416" elapsed="0.000077"/>
</kw>
<kw name="Click Button" owner="SeleniumLibrary">
<arg>${cust_btn_save}</arg>
<doc>Clicks the button identified by ``locator``.</doc>
<status status="NOT RUN" start="2026-03-13T17:51:48.026785" elapsed="0.000076"/>
</kw>
<kw name="Wait Until Element Is Visible" owner="SeleniumLibrary">
<arg>//div[text()="Customer updated"]</arg>
<doc>Waits until the element ``locator`` is visible.</doc>
<status status="NOT RUN" start="2026-03-13T17:51:48.027148" elapsed="0.000075"/>
</kw>
<kw name="Navigate" owner="App">
<arg>Customers</arg>
<status status="NOT RUN" start="2026-03-13T17:51:48.027925" elapsed="0.000099"/>
</kw>
<kw name="Wait Until Element Is Visible" owner="SeleniumLibrary">
<arg>//tr[.//div[contains(., ${user['first_name']}) and contains(., ${user['last_name']})]]</arg>
<doc>Waits until the element ``locator`` is visible.</doc>
<status status="NOT RUN" start="2026-03-13T17:51:48.028324" elapsed="0.000080"/>
</kw>
<arg>${USERS[${i}]}</arg>
<arg>${i}</arg>
<status status="FAIL" start="2026-03-13T17:51:47.977150" elapsed="0.051520">Execution terminated by signal</status>
</kw>
<var name="${i}">5</var>
<status status="FAIL" start="2026-03-13T17:51:47.976374" elapsed="0.052487">Execution terminated by signal</status>
</iter>
<var>${i}</var>
<value>${${num_from}-${1}}</value>
<value>${${num_to}-${1}}</value>
<status status="FAIL" start="2026-03-13T17:51:47.970211" elapsed="0.058841">Execution terminated by signal</status>
</for>
<kw name="Sleep" owner="BuiltIn">
<arg>3sc</arg>
<doc>Pauses the test executed for the given time.</doc>
<status status="NOT RUN" start="2026-03-13T17:51:48.029466" elapsed="0.000094"/>
</kw>
<arg>6</arg>
<arg>10</arg>
<status status="FAIL" start="2026-03-13T17:51:47.969266" elapsed="0.060552">Execution terminated by signal</status>
</kw>
<doc>Update Users</doc>
<status status="FAIL" start="2026-03-13T17:51:47.967889" elapsed="0.062607">Execution terminated by signal</status>
</test>
<test id="s1-t3" name="Test-3" line="21">
<doc>Log Table Data</doc>
<tag>robot:exit</tag>
<status status="FAIL" start="2026-03-13T17:51:48.031420" elapsed="0.001371">Test execution stopped due to a fatal error.</status>
</test>
<test id="s1-t4" name="Test-4" line="25">
<doc>Analyze User Spending</doc>
<tag>robot:exit</tag>
<status status="FAIL" start="2026-03-13T17:51:48.033891" elapsed="0.001037">Test execution stopped due to a fatal error.</status>
</test>
<kw name="Capture Page Screenshot" owner="SeleniumLibrary" type="TEARDOWN">
<msg time="2026-03-13T17:51:48.039771" level="WARN">Retrying (Retry(total=2, connect=None, read=None, redirect=None, status=None)) after connection broken by 'NewConnectionError("HTTPConnection(host='localhost', port=41989): Failed to establish a new connection: [Errno 111] Connection refused")': /session/61ce7843b65bcc52cd4f8fb74de4fb3d/screenshot</msg>
<msg time="2026-03-13T17:51:48.041067" level="WARN">Retrying (Retry(total=1, connect=None, read=None, redirect=None, status=None)) after connection broken by 'NewConnectionError("HTTPConnection(host='localhost', port=41989): Failed to establish a new connection: [Errno 111] Connection refused")': /session/61ce7843b65bcc52cd4f8fb74de4fb3d/screenshot</msg>
<msg time="2026-03-13T17:51:48.042262" level="WARN">Retrying (Retry(total=0, connect=None, read=None, redirect=None, status=None)) after connection broken by 'NewConnectionError("HTTPConnection(host='localhost', port=41989): Failed to establish a new connection: [Errno 111] Connection refused")': /session/61ce7843b65bcc52cd4f8fb74de4fb3d/screenshot</msg>
<msg time="2026-03-13T17:51:48.045083" level="WARN">Retrying (Retry(total=2, connect=None, read=None, redirect=None, status=None)) after connection broken by 'NewConnectionError("HTTPConnection(host='localhost', port=41989): Failed to establish a new connection: [Errno 111] Connection refused")': /session/61ce7843b65bcc52cd4f8fb74de4fb3d/screenshot</msg>
<msg time="2026-03-13T17:51:48.046385" level="WARN">Retrying (Retry(total=1, connect=None, read=None, redirect=None, status=None)) after connection broken by 'NewConnectionError("HTTPConnection(host='localhost', port=41989): Failed to establish a new connection: [Errno 111] Connection refused")': /session/61ce7843b65bcc52cd4f8fb74de4fb3d/screenshot</msg>
<msg time="2026-03-13T17:51:48.047993" level="WARN">Retrying (Retry(total=0, connect=None, read=None, redirect=None, status=None)) after connection broken by 'NewConnectionError("HTTPConnection(host='localhost', port=41989): Failed to establish a new connection: [Errno 111] Connection refused")': /session/61ce7843b65bcc52cd4f8fb74de4fb3d/screenshot</msg>
<msg time="2026-03-13T17:51:48.049485" level="WARN">Keyword 'Capture Page Screenshot' could not be run on failure: HTTPConnectionPool(host='localhost', port=41989): Max retries exceeded with url: /session/61ce7843b65bcc52cd4f8fb74de4fb3d/screenshot (Caused by NewConnectionError("HTTPConnection(host='localhost', port=41989): Failed to establish a new connection: [Errno 111] Connection refused"))</msg>
<msg time="2026-03-13T17:51:48.050300" level="FAIL">MaxRetryError: HTTPConnectionPool(host='localhost', port=41989): Max retries exceeded with url: /session/61ce7843b65bcc52cd4f8fb74de4fb3d/screenshot (Caused by NewConnectionError("HTTPConnection(host='localhost', port=41989): Failed to establish a new connection: [Errno 111] Connection refused"))</msg>
<doc>Takes a screenshot of the current page and embeds it into a log file.</doc>
<status status="FAIL" start="2026-03-13T17:51:48.036627" elapsed="0.021498">MaxRetryError: HTTPConnectionPool(host='localhost', port=41989): Max retries exceeded with url: /session/61ce7843b65bcc52cd4f8fb74de4fb3d/screenshot (Caused by NewConnectionError("HTTPConnection(host='localhost', port=41989): Failed to establish a new connection: [Errno 111] Connection refused"))</status>
</kw>
<status status="FAIL" start="2026-03-13T17:51:29.579556" elapsed="18.478823">Suite teardown failed:
MaxRetryError: HTTPConnectionPool(host='localhost', port=41989): Max retries exceeded with url: /session/61ce7843b65bcc52cd4f8fb74de4fb3d/screenshot (Caused by NewConnectionError("HTTPConnection(host='localhost', port=41989): Failed to establish a new connection: [Errno 111] Connection refused"))</status>
</suite>
<statistics>
<total>
<stat pass="0" fail="4" skip="0">All Tests</stat>
</total>
<tag>
<stat info="combined" combined="NOT robot:exit" pass="0" fail="2" skip="0">NOT robot:exit</stat>
</tag>
<suite>
<stat name="Test" id="s1" pass="0" fail="4" skip="0">Test</stat>
</suite>
</statistics>
<errors>
<msg time="2026-03-13T17:51:47.955907" level="WARN">Keyword 'Capture Page Screenshot' could not be run on failure: Message: invalid session id; For documentation on this error, please visit: https://www.selenium.dev/documentation/webdriver/troubleshooting/errors#invalidsessionidexception
Stacktrace:
#0 0x55fc020cfb6a &lt;unknown&gt;
#1 0x55fc01ae2720 &lt;unknown&gt;
#2 0x55fc01b28e60 &lt;unknown&gt;
#3 0x55fc01b5e286 &lt;unknown&gt;
#4 0x55fc01b58898 &lt;unknown&gt;
#5 0x55fc01b57cac &lt;unknown&gt;
#6 0x55fc01aa8055 &lt;unknown&gt;
#7 0x55fc020946b9 &lt;unknown&gt;
#8 0x55fc020975c1 &lt;unknown&gt;
#9 0x55fc02080e29 &lt;unknown&gt;
#10 0x55fc0209817e &lt;unknown&gt;
#11 0x55fc020674b0 &lt;unknown&gt;
#12 0x55fc01aa5804 &lt;unknown&gt;
#13 0x7fe5f9089d90 &lt;unknown&gt;
</msg>
<msg time="2026-03-13T17:51:47.989519" level="WARN">Keyword 'Capture Page Screenshot' could not be run on failure: Message: invalid session id; For documentation on this error, please visit: https://www.selenium.dev/documentation/webdriver/troubleshooting/errors#invalidsessionidexception
Stacktrace:
#0 0x55fc020cfb6a &lt;unknown&gt;
#1 0x55fc01ae2720 &lt;unknown&gt;
#2 0x55fc01b28e60 &lt;unknown&gt;
#3 0x55fc01b5e286 &lt;unknown&gt;
#4 0x55fc01b58898 &lt;unknown&gt;
#5 0x55fc01b57cac &lt;unknown&gt;
#6 0x55fc01aa8055 &lt;unknown&gt;
#7 0x55fc020946b9 &lt;unknown&gt;
#8 0x55fc020975c1 &lt;unknown&gt;
#9 0x55fc02080e29 &lt;unknown&gt;
#10 0x55fc0209817e &lt;unknown&gt;
#11 0x55fc020674b0 &lt;unknown&gt;
#12 0x55fc01aa5804 &lt;unknown&gt;
#13 0x7fe5f9089d90 &lt;unknown&gt;
</msg>
<msg time="2026-03-13T17:51:48.006992" level="WARN">Retrying (Retry(total=2, connect=None, read=None, redirect=None, status=None)) after connection broken by 'ConnectionResetError(104, 'Connection reset by peer')': /session/61ce7843b65bcc52cd4f8fb74de4fb3d/screenshot</msg>
<msg time="2026-03-13T17:51:48.008317" level="WARN">Retrying (Retry(total=1, connect=None, read=None, redirect=None, status=None)) after connection broken by 'NewConnectionError("HTTPConnection(host='localhost', port=41989): Failed to establish a new connection: [Errno 111] Connection refused")': /session/61ce7843b65bcc52cd4f8fb74de4fb3d/screenshot</msg>
<msg time="2026-03-13T17:51:48.009471" level="WARN">Retrying (Retry(total=0, connect=None, read=None, redirect=None, status=None)) after connection broken by 'NewConnectionError("HTTPConnection(host='localhost', port=41989): Failed to establish a new connection: [Errno 111] Connection refused")': /session/61ce7843b65bcc52cd4f8fb74de4fb3d/screenshot</msg>
<msg time="2026-03-13T17:51:48.010593" level="WARN">Keyword 'Capture Page Screenshot' could not be run on failure: HTTPConnectionPool(host='localhost', port=41989): Max retries exceeded with url: /session/61ce7843b65bcc52cd4f8fb74de4fb3d/screenshot (Caused by NewConnectionError("HTTPConnection(host='localhost', port=41989): Failed to establish a new connection: [Errno 111] Connection refused"))</msg>
<msg time="2026-03-13T17:51:48.039771" level="WARN">Retrying (Retry(total=2, connect=None, read=None, redirect=None, status=None)) after connection broken by 'NewConnectionError("HTTPConnection(host='localhost', port=41989): Failed to establish a new connection: [Errno 111] Connection refused")': /session/61ce7843b65bcc52cd4f8fb74de4fb3d/screenshot</msg>
<msg time="2026-03-13T17:51:48.041067" level="WARN">Retrying (Retry(total=1, connect=None, read=None, redirect=None, status=None)) after connection broken by 'NewConnectionError("HTTPConnection(host='localhost', port=41989): Failed to establish a new connection: [Errno 111] Connection refused")': /session/61ce7843b65bcc52cd4f8fb74de4fb3d/screenshot</msg>
<msg time="2026-03-13T17:51:48.042262" level="WARN">Retrying (Retry(total=0, connect=None, read=None, redirect=None, status=None)) after connection broken by 'NewConnectionError("HTTPConnection(host='localhost', port=41989): Failed to establish a new connection: [Errno 111] Connection refused")': /session/61ce7843b65bcc52cd4f8fb74de4fb3d/screenshot</msg>
<msg time="2026-03-13T17:51:48.045083" level="WARN">Retrying (Retry(total=2, connect=None, read=None, redirect=None, status=None)) after connection broken by 'NewConnectionError("HTTPConnection(host='localhost', port=41989): Failed to establish a new connection: [Errno 111] Connection refused")': /session/61ce7843b65bcc52cd4f8fb74de4fb3d/screenshot</msg>
<msg time="2026-03-13T17:51:48.046385" level="WARN">Retrying (Retry(total=1, connect=None, read=None, redirect=None, status=None)) after connection broken by 'NewConnectionError("HTTPConnection(host='localhost', port=41989): Failed to establish a new connection: [Errno 111] Connection refused")': /session/61ce7843b65bcc52cd4f8fb74de4fb3d/screenshot</msg>
<msg time="2026-03-13T17:51:48.047993" level="WARN">Retrying (Retry(total=0, connect=None, read=None, redirect=None, status=None)) after connection broken by 'NewConnectionError("HTTPConnection(host='localhost', port=41989): Failed to establish a new connection: [Errno 111] Connection refused")': /session/61ce7843b65bcc52cd4f8fb74de4fb3d/screenshot</msg>
<msg time="2026-03-13T17:51:48.049485" level="WARN">Keyword 'Capture Page Screenshot' could not be run on failure: HTTPConnectionPool(host='localhost', port=41989): Max retries exceeded with url: /session/61ce7843b65bcc52cd4f8fb74de4fb3d/screenshot (Caused by NewConnectionError("HTTPConnection(host='localhost', port=41989): Failed to establish a new connection: [Errno 111] Connection refused"))</msg>
</errors>
</robot>
